<?xml version="1.0" encoding="UTF-8"?>
<!-- Generated by org.testng.reporters.JUnitReportReporter -->
<testsuite hostname="MSI" failures="0" tests="1" name="loginTest.ToVerifyHomePageTest" time="9.187" errors="0" timestamp="2022-12-08T14:00:21 IST" skipped="0">
  <testcase classname="loginTest.ToVerifyHomePageTest" name="toVerifyHomePageTest" time="9.187"/>
  <system-out/>
</testsuite> <!-- loginTest.ToVerifyHomePageTest -->
